This is pdfTeX, Version 3.141592653-2.6-1.40.25 (TeX Live 2023/Arch Linux) (preloaded format=pdflatex 2023.9.15)  16 DEC 2023 16:36
entering extended mode
 restricted \write18 enabled.
 %&-line parsing enabled.
**2023-08-06_LED_flat_methodology.tex
(./2023-08-06_LED_flat_methodology.tex
LaTeX2e <2022-11-01> patch level 1
L3 programming layer <2023-02-22>
(/usr/share/texmf-dist/tex/latex/base/article.cls
Document Class: article 2022/07/02 v1.4n Standard LaTeX document class
(/usr/share/texmf-dist/tex/latex/base/size11.clo
File: size11.clo 2022/07/02 v1.4n Standard LaTeX file (size option)
)
\c@part=\count185
\c@section=\count186
\c@subsection=\count187
\c@subsubsection=\count188
\c@paragraph=\count189
\c@subparagraph=\count190
\c@figure=\count191
\c@table=\count192
\abovecaptionskip=\skip48
\belowcaptionskip=\skip49
\bibindent=\dimen140
)
(/usr/share/texmf-dist/tex/latex/base/inputenc.sty
Package: inputenc 2021/02/14 v1.3d Input encoding file
\inpenc@prehook=\toks16
\inpenc@posthook=\toks17

(/usr/share/texmf-dist/tex/latex/base/latin1.def
File: latin1.def 2021/02/14 v1.3d Input encoding file
))
(/usr/share/texmf-dist/tex/latex/amsmath/amsmath.sty
Package: amsmath 2022/04/08 v2.17n AMS math features
\@mathmargin=\skip50

For additional information on amsmath, use the `?' option.
(/usr/share/texmf-dist/tex/latex/amsmath/amstext.sty
Package: amstext 2021/08/26 v2.01 AMS text

(/usr/share/texmf-dist/tex/latex/amsmath/amsgen.sty
File: amsgen.sty 1999/11/30 v2.0 generic functions
\@emptytoks=\toks18
\ex@=\dimen141
))
(/usr/share/texmf-dist/tex/latex/amsmath/amsbsy.sty
Package: amsbsy 1999/11/29 v1.2d Bold Symbols
\pmbraise@=\dimen142
)
(/usr/share/texmf-dist/tex/latex/amsmath/amsopn.sty
Package: amsopn 2022/04/08 v2.04 operator names
)
\inf@bad=\count193
LaTeX Info: Redefining \frac on input line 234.
\uproot@=\count194
\leftroot@=\count195
LaTeX Info: Redefining \overline on input line 399.
LaTeX Info: Redefining \colon on input line 410.
\classnum@=\count196
\DOTSCASE@=\count197
LaTeX Info: Redefining \ldots on input line 496.
LaTeX Info: Redefining \dots on input line 499.
LaTeX Info: Redefining \cdots on input line 620.
\Mathstrutbox@=\box51
\strutbox@=\box52
LaTeX Info: Redefining \big on input line 722.
LaTeX Info: Redefining \Big on input line 723.
LaTeX Info: Redefining \bigg on input line 724.
LaTeX Info: Redefining \Bigg on input line 725.
\big@size=\dimen143
LaTeX Font Info:    Redeclaring font encoding OML on input line 743.
LaTeX Font Info:    Redeclaring font encoding OMS on input line 744.
\macc@depth=\count198
LaTeX Info: Redefining \bmod on input line 905.
LaTeX Info: Redefining \pmod on input line 910.
LaTeX Info: Redefining \smash on input line 940.
LaTeX Info: Redefining \relbar on input line 970.
LaTeX Info: Redefining \Relbar on input line 971.
\c@MaxMatrixCols=\count199
\dotsspace@=\muskip16
\c@parentequation=\count266
\dspbrk@lvl=\count267
\tag@help=\toks19
\row@=\count268
\column@=\count269
\maxfields@=\count270
\andhelp@=\toks20
\eqnshift@=\dimen144
\alignsep@=\dimen145
\tagshift@=\dimen146
\tagwidth@=\dimen147
\totwidth@=\dimen148
\lineht@=\dimen149
\@envbody=\toks21
\multlinegap=\skip51
\multlinetaggap=\skip52
\mathdisplay@stack=\toks22
LaTeX Info: Redefining \[ on input line 2953.
LaTeX Info: Redefining \] on input line 2954.
)
(/usr/share/texmf-dist/tex/latex/amsfonts/amsfonts.sty
Package: amsfonts 2013/01/14 v3.01 Basic AMSFonts support
\symAMSa=\mathgroup4
\symAMSb=\mathgroup5
LaTeX Font Info:    Redeclaring math symbol \hbar on input line 98.
LaTeX Font Info:    Overwriting math alphabet `\mathfrak' in version `bold'
(Font)                  U/euf/m/n --> U/euf/b/n on input line 106.
)
(/usr/share/texmf-dist/tex/latex/amsfonts/amssymb.sty
Package: amssymb 2013/01/14 v3.01 AMS font symbols
)
(/usr/share/texmf-dist/tex/latex/graphics/graphicx.sty
Package: graphicx 2021/09/16 v1.2d Enhanced LaTeX Graphics (DPC,SPQR)

(/usr/share/texmf-dist/tex/latex/graphics/keyval.sty
Package: keyval 2022/05/29 v1.15 key=value parser (DPC)
\KV@toks@=\toks23
)
(/usr/share/texmf-dist/tex/latex/graphics/graphics.sty
Package: graphics 2022/03/10 v1.4e Standard LaTeX Graphics (DPC,SPQR)

(/usr/share/texmf-dist/tex/latex/graphics/trig.sty
Package: trig 2021/08/11 v1.11 sin cos tan (DPC)
)
(/usr/share/texmf-dist/tex/latex/graphics-cfg/graphics.cfg
File: graphics.cfg 2016/06/04 v1.11 sample graphics configuration
)
Package graphics Info: Driver file: pdftex.def on input line 107.

(/usr/share/texmf-dist/tex/latex/graphics-def/pdftex.def
File: pdftex.def 2022/09/22 v1.2b Graphics/color driver for pdftex
))
\Gin@req@height=\dimen150
\Gin@req@width=\dimen151
)
(/usr/share/texmf-dist/tex/latex/geometry/geometry.sty
Package: geometry 2020/01/02 v5.9 Page Geometry

(/usr/share/texmf-dist/tex/generic/iftex/ifvtex.sty
Package: ifvtex 2019/10/25 v1.7 ifvtex legacy package. Use iftex instead.

(/usr/share/texmf-dist/tex/generic/iftex/iftex.sty
Package: iftex 2022/02/03 v1.0f TeX engine tests
))
\Gm@cnth=\count271
\Gm@cntv=\count272
\c@Gm@tempcnt=\count273
\Gm@bindingoffset=\dimen152
\Gm@wd@mp=\dimen153
\Gm@odd@mp=\dimen154
\Gm@even@mp=\dimen155
\Gm@layoutwidth=\dimen156
\Gm@layoutheight=\dimen157
\Gm@layouthoffset=\dimen158
\Gm@layoutvoffset=\dimen159
\Gm@dimlist=\toks24
)
(/usr/share/texmf-dist/tex/latex/psnfss/times.sty
Package: times 2020/03/25 PSNFSS-v9.3 (SPQR) 
)
(/usr/share/texmf-dist/tex/latex/caption/caption.sty
Package: caption 2023/03/12 v3.6j Customizing captions (AR)

(/usr/share/texmf-dist/tex/latex/caption/caption3.sty
Package: caption3 2023/03/12 v2.4 caption3 kernel (AR)
\caption@tempdima=\dimen160
\captionmargin=\dimen161
\caption@leftmargin=\dimen162
\caption@rightmargin=\dimen163
\caption@width=\dimen164
\caption@indent=\dimen165
\caption@parindent=\dimen166
\caption@hangindent=\dimen167
Package caption Info: Standard document class detected.
)
\c@caption@flags=\count274
\c@continuedfloat=\count275
)
(/usr/share/texmf-dist/tex/latex/caption/subcaption.sty
Package: subcaption 2023/02/19 v1.6 Sub-captions (AR)
Package caption Info: New subtype `subfigure' on input line 239.
\c@subfigure=\count276
Package caption Info: New subtype `subtable' on input line 239.
\c@subtable=\count277
)
LaTeX Font Info:    Trying to load font information for OT1+ptm on input line 1
3.

(/usr/share/texmf-dist/tex/latex/psnfss/ot1ptm.fd
File: ot1ptm.fd 2001/06/04 font definitions for OT1/ptm.
)
(/usr/share/texmf-dist/tex/latex/l3backend/l3backend-pdftex.def
File: l3backend-pdftex.def 2023-01-16 L3 backend support: PDF output (pdfTeX)
\l__color_backend_stack_int=\count278
\l__pdf_internal_box=\box53
)
(./2023-08-06_LED_flat_methodology.aux)
\openout1 = `2023-08-06_LED_flat_methodology.aux'.

LaTeX Font Info:    Checking defaults for OML/cmm/m/it on input line 13.
LaTeX Font Info:    ... okay on input line 13.
LaTeX Font Info:    Checking defaults for OMS/cmsy/m/n on input line 13.
LaTeX Font Info:    ... okay on input line 13.
LaTeX Font Info:    Checking defaults for OT1/cmr/m/n on input line 13.
LaTeX Font Info:    ... okay on input line 13.
LaTeX Font Info:    Checking defaults for T1/cmr/m/n on input line 13.
LaTeX Font Info:    ... okay on input line 13.
LaTeX Font Info:    Checking defaults for TS1/cmr/m/n on input line 13.
LaTeX Font Info:    ... okay on input line 13.
LaTeX Font Info:    Checking defaults for OMX/cmex/m/n on input line 13.
LaTeX Font Info:    ... okay on input line 13.
LaTeX Font Info:    Checking defaults for U/cmr/m/n on input line 13.
LaTeX Font Info:    ... okay on input line 13.

(/usr/share/texmf-dist/tex/context/base/mkii/supp-pdf.mkii
[Loading MPS to PDF converter (version 2006.09.02).]
\scratchcounter=\count279
\scratchdimen=\dimen168
\scratchbox=\box54
\nofMPsegments=\count280
\nofMParguments=\count281
\everyMPshowfont=\toks25
\MPscratchCnt=\count282
\MPscratchDim=\dimen169
\MPnumerator=\count283
\makeMPintoPDFobject=\count284
\everyMPtoPDFconversion=\toks26
) (/usr/share/texmf-dist/tex/latex/epstopdf-pkg/epstopdf-base.sty
Package: epstopdf-base 2020-01-24 v2.11 Base part for package epstopdf
Package epstopdf-base Info: Redefining graphics rule for `.eps' on input line 4
85.

(/usr/share/texmf-dist/tex/latex/latexconfig/epstopdf-sys.cfg
File: epstopdf-sys.cfg 2010/07/13 v1.3 Configuration of (r)epstopdf for TeX Liv
e
))
*geometry* driver: auto-detecting
*geometry* detected driver: pdftex
*geometry* verbose mode - [ preamble ] result:
* driver: pdftex
* paper: a4paper
* layout: <same size as paper>
* layoutoffset:(h,v)=(0.0pt,0.0pt)
* modes: 
* h-part:(L,W,R)=(51.21504pt, 495.07779pt, 51.21504pt)
* v-part:(T,H,B)=(56.9055pt, 731.23584pt, 56.9055pt)
* \paperwidth=597.50787pt
* \paperheight=845.04684pt
* \textwidth=495.07779pt
* \textheight=731.23584pt
* \oddsidemargin=-21.05495pt
* \evensidemargin=-21.05495pt
* \topmargin=-52.36449pt
* \headheight=12.0pt
* \headsep=25.0pt
* \topskip=11.0pt
* \footskip=30.0pt
* \marginparwidth=50.0pt
* \marginparsep=10.0pt
* \columnsep=10.0pt
* \skip\footins=10.0pt plus 4.0pt minus 2.0pt
* \hoffset=0.0pt
* \voffset=0.0pt
* \mag=1000
* \@twocolumnfalse
* \@twosidefalse
* \@mparswitchfalse
* \@reversemarginfalse
* (1in=72.27pt=25.4mm, 1cm=28.453pt)

Package caption Info: Begin \AtBeginDocument code.
Package caption Info: End \AtBeginDocument code.
LaTeX Font Info:    Trying to load font information for U+msa on input line 23.

(/usr/share/texmf-dist/tex/latex/amsfonts/umsa.fd
File: umsa.fd 2013/01/14 v3.01 AMS symbols A
)
LaTeX Font Info:    Trying to load font information for U+msb on input line 23.


(/usr/share/texmf-dist/tex/latex/amsfonts/umsb.fd
File: umsb.fd 2013/01/14 v3.01 AMS symbols B
) [1

{/var/lib/texmf/fonts/map/pdftex/updmap/pdftex.map}{/usr/share/texmf-dist/fonts
/enc/dvips/base/8r.enc}]
<pics/parent.png, id=13, 187.902pt x 165.8925pt>
File: pics/parent.png Graphic file (type png)
<use pics/parent.png>
Package pdftex.def Info: pics/parent.png  used on input line 77.
(pdftex.def)             Requested size: 148.52484pt x 131.13463pt.
<pics/kernel_compare.png, id=14, 918.43124pt x 349.305pt>
File: pics/kernel_compare.png Graphic file (type png)
<use pics/kernel_compare.png>
Package pdftex.def Info: pics/kernel_compare.png  used on input line 85.
(pdftex.def)             Requested size: 396.06374pt x 150.63527pt.
<pics/stdev.png, id=15, 678.6153pt x 470.4777pt>
File: pics/stdev.png Graphic file (type png)
<use pics/stdev.png>
Package pdftex.def Info: pics/stdev.png  used on input line 92.
(pdftex.def)             Requested size: 445.56699pt x 308.91534pt.
<pics/mean.png, id=17, 678.6153pt x 470.4777pt>
File: pics/mean.png Graphic file (type png)
<use pics/mean.png>
Package pdftex.def Info: pics/mean.png  used on input line 99.
(pdftex.def)             Requested size: 445.56699pt x 308.91534pt.

[2 <./pics/parent.png (PNG copy)> <./pics/kernel_compare.png (PNG copy)>]
[3 <./pics/stdev.png> <./pics/mean.png>]
<pics/image_cuts.png, id=28, 1052.43187pt x 460.72125pt>
File: pics/image_cuts.png Graphic file (type png)
<use pics/image_cuts.png>
Package pdftex.def Info: pics/image_cuts.png  used on input line 120.
(pdftex.def)             Requested size: 495.07779pt x 216.72882pt.
<pics/cut_plots_synth_p2p_1percent.png, id=29, 1055.8647pt x 623.6901pt>
File: pics/cut_plots_synth_p2p_1percent.png Graphic file (type png)
<use pics/cut_plots_synth_p2p_1percent.png>
Package pdftex.def Info: pics/cut_plots_synth_p2p_1percent.png  used on input l
ine 125.
(pdftex.def)             Requested size: 495.07779pt x 292.43967pt.
 [4] [5 <./pics/image_cuts.png (PNG copy)> <./pics/cut_plots_synth_p2p_1percent
.png>]
<pics/analysis_locations.png, id=37, 650.43pt x 433.62pt>
File: pics/analysis_locations.png Graphic file (type png)
<use pics/analysis_locations.png>
Package pdftex.def Info: pics/analysis_locations.png  used on input line 163.
(pdftex.def)             Requested size: 297.04968pt x 198.03845pt.
<pics/synthetic_sun.png, id=38, 639.89063pt x 480.29437pt>
File: pics/synthetic_sun.png Graphic file (type png)
<use pics/synthetic_sun.png>
Package pdftex.def Info: pics/synthetic_sun.png  used on input line 219.
(pdftex.def)             Requested size: 242.59084pt x 182.08868pt.
<pics/sun_Locations.png, id=39, 424.2249pt x 388.0899pt>
File: pics/sun_Locations.png Graphic file (type png)
<use pics/sun_Locations.png>
Package pdftex.def Info: pics/sun_Locations.png  used on input line 226.
(pdftex.def)             Requested size: 190.1089pt x 173.91638pt.
 [6 <./pics/analysis_locations.png> <./pics/synthetic_sun.png (PNG copy)> <./pi
cs/sun_Locations.png>] [7]
<pics/synth_Stdev.png, id=51, 650.43pt x 433.62pt>
File: pics/synth_Stdev.png Graphic file (type png)
<use pics/synth_Stdev.png>
Package pdftex.def Info: pics/synth_Stdev.png  used on input line 330.
(pdftex.def)             Requested size: 396.06374pt x 264.05127pt.
<pics/synth_Mean.png, id=52, 650.43pt x 433.62pt>
File: pics/synth_Mean.png Graphic file (type png)
<use pics/synth_Mean.png>
Package pdftex.def Info: pics/synth_Mean.png  used on input line 338.
(pdftex.def)             Requested size: 396.06374pt x 264.05127pt.
<pics/sun_photometry.png, id=53, 462.528pt x 346.896pt>
File: pics/sun_photometry.png Graphic file (type png)
<use pics/sun_photometry.png>
Package pdftex.def Info: pics/sun_photometry.png  used on input line 345.
(pdftex.def)             Requested size: 346.55293pt x 259.92786pt.

[8] [9 <./pics/synth_Stdev.png>] [10 <./pics/synth_Mean.png> <./pics/sun_photom
etry.png>] (./2023-08-06_LED_flat_methodology.aux) ) 
Here is how much of TeX's memory you used:
 4829 strings out of 477985
 79376 string characters out of 5840058
 1868388 words of memory out of 5000000
 24976 multiletter control sequences out of 15000+600000
 534217 words of font info for 78 fonts, out of 8000000 for 9000
 14 hyphenation exceptions out of 8191
 57i,13n,63p,889b,532s stack positions out of 10000i,1000n,20000p,200000b,200000s
</usr/share/texmf-dist/font
s/type1/public/amsfonts/cm/cmex10.pfb></usr/share/texmf-dist/fonts/type1/public
/amsfonts/cm/cmmi10.pfb></usr/share/texmf-dist/fonts/type1/public/amsfonts/cm/c
mmi8.pfb></usr/share/texmf-dist/fonts/type1/public/amsfonts/cm/cmr10.pfb></usr/
share/texmf-dist/fonts/type1/public/amsfonts/cm/cmr8.pfb></usr/share/texmf-dist
/fonts/type1/public/amsfonts/cm/cmsy10.pfb></usr/share/texmf-dist/fonts/type1/p
ublic/amsfonts/cm/cmsy8.pfb></usr/share/texmf-dist/fonts/type1/public/amsfonts/
symbols/msam10.pfb></usr/share/texmf-dist/fonts/type1/urw/times/utmb8a.pfb></us
r/share/texmf-dist/fonts/type1/urw/times/utmr8a.pfb></usr/share/texmf-dist/font
s/type1/urw/times/utmri8a.pfb>
Output written on 2023-08-06_LED_flat_methodology.pdf (10 pages, 1809379 bytes)
.
PDF statistics:
 114 PDF objects out of 1000 (max. 8388607)
 59 compressed objects within 1 object stream
 0 named destinations out of 1000 (max. 500000)
 61 words of extra memory for PDF output out of 10000 (max. 10000000)

